# Logfile created on 2014-04-14 00:51:38 +0800 by logger.rb/31641
I, [2014-04-14T00:51:38.212069 #1648]  INFO -- : 0:  rake (10.0.3) from /Users/sean/.rvm/gems/ruby-1.9.3-p484/specifications/rake-10.0.3.gemspec
I, [2014-04-14T00:51:38.212553 #1648]  INFO -- : 0:  i18n (0.6.1) from /Users/sean/.rvm/gems/ruby-1.9.3-p484/specifications/i18n-0.6.1.gemspec
I, [2014-04-14T00:51:41.329978 #1648]  INFO -- : 0:  multi_json (1.5.0) from /Users/sean/.rvm/gems/ruby-1.9.3-p484/specifications/multi_json-1.5.0.gemspec
I, [2014-04-14T00:51:56.598782 #1648]  INFO -- : 0:  activesupport (3.2.11) from /Users/sean/.rvm/gems/ruby-1.9.3-p484/specifications/activesupport-3.2.11.gemspec
I, [2014-04-14T00:51:56.599362 #1648]  INFO -- : 0:  builder (3.0.4) from /Users/sean/.rvm/gems/ruby-1.9.3-p484/specifications/builder-3.0.4.gemspec
I, [2014-04-14T00:52:01.583687 #1648]  INFO -- : 0:  activemodel (3.2.11) from /Users/sean/.rvm/gems/ruby-1.9.3-p484/specifications/activemodel-3.2.11.gemspec
I, [2014-04-14T00:52:01.584181 #1648]  INFO -- : 0:  erubis (2.7.0) from /Users/sean/.rvm/gems/ruby-1.9.3-p484/specifications/erubis-2.7.0.gemspec
I, [2014-04-14T00:52:01.584541 #1648]  INFO -- : 0:  journey (1.0.4) from /Users/sean/.rvm/gems/ruby-1.9.3-p484/specifications/journey-1.0.4.gemspec
I, [2014-04-14T00:52:16.246657 #1648]  INFO -- : 0:  rack (1.4.3) from /Users/sean/.rvm/gems/ruby-1.9.3-p484/specifications/rack-1.4.3.gemspec
I, [2014-04-14T00:52:16.247200 #1648]  INFO -- : 0:  rack-cache (1.2) from /Users/sean/.rvm/gems/ruby-1.9.3-p484/specifications/rack-cache-1.2.gemspec
I, [2014-04-14T00:52:16.247593 #1648]  INFO -- : 0:  rack-test (0.6.2) from /Users/sean/.rvm/gems/ruby-1.9.3-p484/specifications/rack-test-0.6.2.gemspec
I, [2014-04-14T00:52:19.402462 #1648]  INFO -- : 0:  hike (1.2.1) from /Users/sean/.rvm/gems/ruby-1.9.3-p484/specifications/hike-1.2.1.gemspec
I, [2014-04-14T00:52:22.410267 #1648]  INFO -- : 0:  tilt (1.3.3) from /Users/sean/.rvm/gems/ruby-1.9.3-p484/specifications/tilt-1.3.3.gemspec
I, [2014-04-14T00:52:22.411132 #1648]  INFO -- : 0:  sprockets (2.2.2) from /Users/sean/.rvm/gems/ruby-1.9.3-p484/specifications/sprockets-2.2.2.gemspec
I, [2014-04-14T00:52:38.383995 #1648]  INFO -- : 0:  actionpack (3.2.11) from /Users/sean/.rvm/gems/ruby-1.9.3-p484/specifications/actionpack-3.2.11.gemspec
I, [2014-04-14T00:52:42.196900 #1648]  INFO -- : 0:  mime-types (1.19) from /Users/sean/.rvm/gems/ruby-1.9.3-p484/specifications/mime-types-1.19.gemspec
I, [2014-04-14T00:52:42.197422 #1648]  INFO -- : 0:  polyglot (0.3.3) from /Users/sean/.rvm/gems/ruby-1.9.3-p484/specifications/polyglot-0.3.3.gemspec
I, [2014-04-14T00:52:42.197812 #1648]  INFO -- : 0:  treetop (1.4.12) from /Users/sean/.rvm/gems/ruby-1.9.3-p484/specifications/treetop-1.4.12.gemspec
I, [2014-04-14T00:52:48.322075 #1648]  INFO -- : 0:  mail (2.4.4) from /Users/sean/.rvm/gems/ruby-1.9.3-p484/specifications/mail-2.4.4.gemspec
I, [2014-04-14T00:52:51.705794 #1648]  INFO -- : 0:  actionmailer (3.2.11) from /Users/sean/.rvm/gems/ruby-1.9.3-p484/specifications/actionmailer-3.2.11.gemspec
I, [2014-04-14T00:52:51.706381 #1648]  INFO -- : 0:  arel (3.0.2) from /Users/sean/.rvm/gems/ruby-1.9.3-p484/specifications/arel-3.0.2.gemspec
I, [2014-04-14T00:53:04.676207 #1648]  INFO -- : 0:  tzinfo (0.3.35) from /Users/sean/.rvm/gems/ruby-1.9.3-p484/specifications/tzinfo-0.3.35.gemspec
I, [2014-04-14T00:53:11.146151 #1648]  INFO -- : 0:  activerecord (3.2.11) from /Users/sean/.rvm/gems/ruby-1.9.3-p484/specifications/activerecord-3.2.11.gemspec
I, [2014-04-14T00:53:13.806642 #1648]  INFO -- : 0:  activeresource (3.2.11) from /Users/sean/.rvm/gems/ruby-1.9.3-p484/specifications/activeresource-3.2.11.gemspec
I, [2014-04-14T00:53:17.862576 #1648]  INFO -- : 0:  coffee-script-source (1.4.0) from /Users/sean/.rvm/gems/ruby-1.9.3-p484/specifications/coffee-script-source-1.4.0.gemspec
I, [2014-04-14T00:53:17.863243 #1648]  INFO -- : 0:  execjs (1.4.0) from /Users/sean/.rvm/gems/ruby-1.9.3-p484/specifications/execjs-1.4.0.gemspec
I, [2014-04-14T00:53:17.863705 #1648]  INFO -- : 0:  coffee-script (2.2.0) from /Users/sean/.rvm/gems/ruby-1.9.3-p484/specifications/coffee-script-2.2.0.gemspec
I, [2014-04-14T00:53:20.866431 #1648]  INFO -- : 0:  rack-ssl (1.3.2) from /Users/sean/.rvm/gems/ruby-1.9.3-p484/specifications/rack-ssl-1.3.2.gemspec
I, [2014-04-14T00:53:32.291425 #1648]  INFO -- : 0:  json (1.7.6) from /Users/sean/.rvm/gems/ruby-1.9.3-p484/specifications/json-1.7.6.gemspec
I, [2014-04-14T00:53:46.600268 #1648]  INFO -- : 0:  rdoc (3.12) from /Users/sean/.rvm/gems/ruby-1.9.3-p484/specifications/rdoc-3.12.gemspec
I, [2014-04-14T00:53:52.453299 #1648]  INFO -- : 0:  thor (0.16.0) from /Users/sean/.rvm/gems/ruby-1.9.3-p484/specifications/thor-0.16.0.gemspec
I, [2014-04-14T00:54:52.813183 #1648]  INFO -- : 0:  railties (3.2.11) from /Users/sean/.rvm/gems/ruby-1.9.3-p484/specifications/railties-3.2.11.gemspec
I, [2014-04-14T00:54:52.813897 #1648]  INFO -- : 0:  coffee-rails (3.2.2) from /Users/sean/.rvm/gems/ruby-1.9.3-p484/specifications/coffee-rails-3.2.2.gemspec
I, [2014-04-14T00:54:52.814308 #1648]  INFO -- : 0:  daemons (1.1.9) from /Users/sean/.rvm/gems/ruby-1.9.3-p484/specifications/daemons-1.1.9.gemspec
I, [2014-04-14T00:55:16.896713 #1648]  INFO -- : 0:  eventmachine (1.0.0) from /Users/sean/.rvm/gems/ruby-1.9.3-p484/specifications/eventmachine-1.0.0.gemspec
I, [2014-04-14T00:55:34.277535 #1648]  INFO -- : 0:  jquery-rails (2.1.4) from /Users/sean/.rvm/gems/ruby-1.9.3-p484/specifications/jquery-rails-2.1.4.gemspec
I, [2014-04-14T00:55:34.278051 #1648]  INFO -- : 0:  mysql2 (0.3.11) from /Users/sean/.rvm/gems/ruby-1.9.3-p484/specifications/mysql2-0.3.11.gemspec
I, [2014-04-14T00:55:51.526666 #1648]  INFO -- : 0:  pg (0.14.1) from /Users/sean/.rvm/gems/ruby-1.9.3-p484/specifications/pg-0.14.1.gemspec
I, [2014-04-14T00:55:51.527487 #1648]  INFO -- : 0:  bundler (1.5.1) from /Users/sean/.rvm/gems/ruby-1.9.3-p484@global/specifications/bundler-1.5.1.gemspec
I, [2014-04-14T00:55:55.169275 #1648]  INFO -- : 0:  rails (3.2.11) from /Users/sean/.rvm/gems/ruby-1.9.3-p484/specifications/rails-3.2.11.gemspec
I, [2014-04-14T00:56:08.275464 #1648]  INFO -- : 0:  sass (3.2.5) from /Users/sean/.rvm/gems/ruby-1.9.3-p484/specifications/sass-3.2.5.gemspec
I, [2014-04-14T00:56:13.066023 #1648]  INFO -- : 0:  sass-rails (3.2.5) from /Users/sean/.rvm/gems/ruby-1.9.3-p484/specifications/sass-rails-3.2.5.gemspec
I, [2014-04-14T00:56:19.732680 #1648]  INFO -- : 0:  sqlite3 (1.3.6) from /Users/sean/.rvm/gems/ruby-1.9.3-p484/specifications/sqlite3-1.3.6.gemspec
I, [2014-04-14T00:56:25.050563 #1648]  INFO -- : 0:  thin (1.5.0) from /Users/sean/.rvm/gems/ruby-1.9.3-p484/specifications/thin-1.5.0.gemspec
I, [2014-04-14T00:56:29.850278 #1648]  INFO -- : 0:  uglifier (1.3.0) from /Users/sean/.rvm/gems/ruby-1.9.3-p484/specifications/uglifier-1.3.0.gemspec
I, [2014-04-14T17:13:35.779544 #3718]  INFO -- : 0:  rake (10.0.3) from /Users/sean/.rvm/gems/ruby-1.9.3-p484/specifications/rake-10.0.3.gemspec
I, [2014-04-14T17:13:35.797374 #3718]  INFO -- : 0:  i18n (0.6.1) from /Users/sean/.rvm/gems/ruby-1.9.3-p484/specifications/i18n-0.6.1.gemspec
I, [2014-04-14T17:13:35.797896 #3718]  INFO -- : 0:  multi_json (1.5.0) from /Users/sean/.rvm/gems/ruby-1.9.3-p484/specifications/multi_json-1.5.0.gemspec
I, [2014-04-14T17:13:35.798363 #3718]  INFO -- : 0:  activesupport (3.2.11) from /Users/sean/.rvm/gems/ruby-1.9.3-p484/specifications/activesupport-3.2.11.gemspec
I, [2014-04-14T17:13:35.798817 #3718]  INFO -- : 0:  builder (3.0.4) from /Users/sean/.rvm/gems/ruby-1.9.3-p484/specifications/builder-3.0.4.gemspec
I, [2014-04-14T17:13:35.799198 #3718]  INFO -- : 0:  activemodel (3.2.11) from /Users/sean/.rvm/gems/ruby-1.9.3-p484/specifications/activemodel-3.2.11.gemspec
I, [2014-04-14T17:13:35.799566 #3718]  INFO -- : 0:  erubis (2.7.0) from /Users/sean/.rvm/gems/ruby-1.9.3-p484/specifications/erubis-2.7.0.gemspec
I, [2014-04-14T17:13:35.799933 #3718]  INFO -- : 0:  journey (1.0.4) from /Users/sean/.rvm/gems/ruby-1.9.3-p484/specifications/journey-1.0.4.gemspec
I, [2014-04-14T17:13:35.800317 #3718]  INFO -- : 0:  rack (1.4.3) from /Users/sean/.rvm/gems/ruby-1.9.3-p484/specifications/rack-1.4.3.gemspec
I, [2014-04-14T17:13:35.800705 #3718]  INFO -- : 0:  rack-cache (1.2) from /Users/sean/.rvm/gems/ruby-1.9.3-p484/specifications/rack-cache-1.2.gemspec
I, [2014-04-14T17:13:35.801068 #3718]  INFO -- : 0:  rack-test (0.6.2) from /Users/sean/.rvm/gems/ruby-1.9.3-p484/specifications/rack-test-0.6.2.gemspec
I, [2014-04-14T17:13:35.801436 #3718]  INFO -- : 0:  hike (1.2.1) from /Users/sean/.rvm/gems/ruby-1.9.3-p484/specifications/hike-1.2.1.gemspec
I, [2014-04-14T17:13:35.801812 #3718]  INFO -- : 0:  tilt (1.3.3) from /Users/sean/.rvm/gems/ruby-1.9.3-p484/specifications/tilt-1.3.3.gemspec
I, [2014-04-14T17:13:35.802160 #3718]  INFO -- : 0:  sprockets (2.2.2) from /Users/sean/.rvm/gems/ruby-1.9.3-p484/specifications/sprockets-2.2.2.gemspec
I, [2014-04-14T17:13:35.802495 #3718]  INFO -- : 0:  actionpack (3.2.11) from /Users/sean/.rvm/gems/ruby-1.9.3-p484/specifications/actionpack-3.2.11.gemspec
I, [2014-04-14T17:13:35.802827 #3718]  INFO -- : 0:  mime-types (1.19) from /Users/sean/.rvm/gems/ruby-1.9.3-p484/specifications/mime-types-1.19.gemspec
I, [2014-04-14T17:13:35.803154 #3718]  INFO -- : 0:  polyglot (0.3.3) from /Users/sean/.rvm/gems/ruby-1.9.3-p484/specifications/polyglot-0.3.3.gemspec
I, [2014-04-14T17:13:35.803504 #3718]  INFO -- : 0:  treetop (1.4.12) from /Users/sean/.rvm/gems/ruby-1.9.3-p484/specifications/treetop-1.4.12.gemspec
I, [2014-04-14T17:13:35.803830 #3718]  INFO -- : 0:  mail (2.4.4) from /Users/sean/.rvm/gems/ruby-1.9.3-p484/specifications/mail-2.4.4.gemspec
I, [2014-04-14T17:13:35.804182 #3718]  INFO -- : 0:  actionmailer (3.2.11) from /Users/sean/.rvm/gems/ruby-1.9.3-p484/specifications/actionmailer-3.2.11.gemspec
I, [2014-04-14T17:13:35.804510 #3718]  INFO -- : 0:  arel (3.0.2) from /Users/sean/.rvm/gems/ruby-1.9.3-p484/specifications/arel-3.0.2.gemspec
I, [2014-04-14T17:13:35.804877 #3718]  INFO -- : 0:  tzinfo (0.3.35) from /Users/sean/.rvm/gems/ruby-1.9.3-p484/specifications/tzinfo-0.3.35.gemspec
I, [2014-04-14T17:13:35.805207 #3718]  INFO -- : 0:  activerecord (3.2.11) from /Users/sean/.rvm/gems/ruby-1.9.3-p484/specifications/activerecord-3.2.11.gemspec
I, [2014-04-14T17:13:35.805536 #3718]  INFO -- : 0:  activeresource (3.2.11) from /Users/sean/.rvm/gems/ruby-1.9.3-p484/specifications/activeresource-3.2.11.gemspec
I, [2014-04-14T17:13:35.805868 #3718]  INFO -- : 0:  bundler (1.5.1) from /Users/sean/.rvm/gems/ruby-1.9.3-p484@global/specifications/bundler-1.5.1.gemspec
I, [2014-04-14T17:13:35.806202 #3718]  INFO -- : 0:  coffee-script-source (1.4.0) from /Users/sean/.rvm/gems/ruby-1.9.3-p484/specifications/coffee-script-source-1.4.0.gemspec
I, [2014-04-14T17:13:35.806576 #3718]  INFO -- : 0:  execjs (1.4.0) from /Users/sean/.rvm/gems/ruby-1.9.3-p484/specifications/execjs-1.4.0.gemspec
I, [2014-04-14T17:13:35.806900 #3718]  INFO -- : 0:  coffee-script (2.2.0) from /Users/sean/.rvm/gems/ruby-1.9.3-p484/specifications/coffee-script-2.2.0.gemspec
I, [2014-04-14T17:13:35.807225 #3718]  INFO -- : 0:  rack-ssl (1.3.2) from /Users/sean/.rvm/gems/ruby-1.9.3-p484/specifications/rack-ssl-1.3.2.gemspec
I, [2014-04-14T17:13:35.807556 #3718]  INFO -- : 0:  json (1.7.6) from /Users/sean/.rvm/gems/ruby-1.9.3-p484/specifications/json-1.7.6.gemspec
I, [2014-04-14T17:13:35.807899 #3718]  INFO -- : 0:  rdoc (3.12) from /Users/sean/.rvm/gems/ruby-1.9.3-p484/specifications/rdoc-3.12.gemspec
I, [2014-04-14T17:13:35.808214 #3718]  INFO -- : 0:  thor (0.16.0) from /Users/sean/.rvm/gems/ruby-1.9.3-p484/specifications/thor-0.16.0.gemspec
I, [2014-04-14T17:13:35.808533 #3718]  INFO -- : 0:  railties (3.2.11) from /Users/sean/.rvm/gems/ruby-1.9.3-p484/specifications/railties-3.2.11.gemspec
I, [2014-04-14T17:13:35.808849 #3718]  INFO -- : 0:  coffee-rails (3.2.2) from /Users/sean/.rvm/gems/ruby-1.9.3-p484/specifications/coffee-rails-3.2.2.gemspec
I, [2014-04-14T17:13:35.809161 #3718]  INFO -- : 0:  daemons (1.1.9) from /Users/sean/.rvm/gems/ruby-1.9.3-p484/specifications/daemons-1.1.9.gemspec
I, [2014-04-14T17:13:35.809474 #3718]  INFO -- : 0:  eventmachine (1.0.0) from /Users/sean/.rvm/gems/ruby-1.9.3-p484/specifications/eventmachine-1.0.0.gemspec
I, [2014-04-14T17:13:35.809816 #3718]  INFO -- : 0:  font-awesome-rails (3.2.1.3) from /Users/sean/.rvm/gems/ruby-1.9.3-p484/specifications/font-awesome-rails-3.2.1.3.gemspec
I, [2014-04-14T17:13:35.810133 #3718]  INFO -- : 0:  jquery-rails (2.1.4) from /Users/sean/.rvm/gems/ruby-1.9.3-p484/specifications/jquery-rails-2.1.4.gemspec
I, [2014-04-14T17:13:35.810449 #3718]  INFO -- : 0:  mysql2 (0.3.11) from /Users/sean/.rvm/gems/ruby-1.9.3-p484/specifications/mysql2-0.3.11.gemspec
I, [2014-04-14T17:13:35.810757 #3718]  INFO -- : 0:  pg (0.14.1) from /Users/sean/.rvm/gems/ruby-1.9.3-p484/specifications/pg-0.14.1.gemspec
I, [2014-04-14T17:13:35.811075 #3718]  INFO -- : 0:  rails (3.2.11) from /Users/sean/.rvm/gems/ruby-1.9.3-p484/specifications/rails-3.2.11.gemspec
I, [2014-04-14T17:13:35.811395 #3718]  INFO -- : 0:  sass (3.2.5) from /Users/sean/.rvm/gems/ruby-1.9.3-p484/specifications/sass-3.2.5.gemspec
I, [2014-04-14T17:13:35.811708 #3718]  INFO -- : 0:  sass-rails (3.2.5) from /Users/sean/.rvm/gems/ruby-1.9.3-p484/specifications/sass-rails-3.2.5.gemspec
I, [2014-04-14T17:13:35.812023 #3718]  INFO -- : 0:  sqlite3 (1.3.6) from /Users/sean/.rvm/gems/ruby-1.9.3-p484/specifications/sqlite3-1.3.6.gemspec
I, [2014-04-14T17:13:35.812338 #3718]  INFO -- : 0:  thin (1.5.0) from /Users/sean/.rvm/gems/ruby-1.9.3-p484/specifications/thin-1.5.0.gemspec
I, [2014-04-14T17:13:35.812664 #3718]  INFO -- : 0:  uglifier (1.3.0) from /Users/sean/.rvm/gems/ruby-1.9.3-p484/specifications/uglifier-1.3.0.gemspec
I, [2014-04-15T23:03:31.509482 #16422]  INFO -- : 0:  rake (10.0.3) from /Users/sean/.rvm/gems/ruby-1.9.3-p484/specifications/rake-10.0.3.gemspec
I, [2014-04-15T23:03:31.530082 #16422]  INFO -- : 0:  i18n (0.6.1) from /Users/sean/.rvm/gems/ruby-1.9.3-p484/specifications/i18n-0.6.1.gemspec
I, [2014-04-15T23:03:31.530887 #16422]  INFO -- : 0:  multi_json (1.5.0) from /Users/sean/.rvm/gems/ruby-1.9.3-p484/specifications/multi_json-1.5.0.gemspec
I, [2014-04-15T23:03:31.531547 #16422]  INFO -- : 0:  activesupport (3.2.11) from /Users/sean/.rvm/gems/ruby-1.9.3-p484/specifications/activesupport-3.2.11.gemspec
I, [2014-04-15T23:03:31.532082 #16422]  INFO -- : 0:  builder (3.0.4) from /Users/sean/.rvm/gems/ruby-1.9.3-p484/specifications/builder-3.0.4.gemspec
I, [2014-04-15T23:03:31.532633 #16422]  INFO -- : 0:  activemodel (3.2.11) from /Users/sean/.rvm/gems/ruby-1.9.3-p484/specifications/activemodel-3.2.11.gemspec
I, [2014-04-15T23:03:31.533156 #16422]  INFO -- : 0:  erubis (2.7.0) from /Users/sean/.rvm/gems/ruby-1.9.3-p484/specifications/erubis-2.7.0.gemspec
I, [2014-04-15T23:03:31.533680 #16422]  INFO -- : 0:  journey (1.0.4) from /Users/sean/.rvm/gems/ruby-1.9.3-p484/specifications/journey-1.0.4.gemspec
I, [2014-04-15T23:03:31.534171 #16422]  INFO -- : 0:  rack (1.4.3) from /Users/sean/.rvm/gems/ruby-1.9.3-p484/specifications/rack-1.4.3.gemspec
I, [2014-04-15T23:03:31.534644 #16422]  INFO -- : 0:  rack-cache (1.2) from /Users/sean/.rvm/gems/ruby-1.9.3-p484/specifications/rack-cache-1.2.gemspec
I, [2014-04-15T23:03:31.535087 #16422]  INFO -- : 0:  rack-test (0.6.2) from /Users/sean/.rvm/gems/ruby-1.9.3-p484/specifications/rack-test-0.6.2.gemspec
I, [2014-04-15T23:03:31.535535 #16422]  INFO -- : 0:  hike (1.2.1) from /Users/sean/.rvm/gems/ruby-1.9.3-p484/specifications/hike-1.2.1.gemspec
I, [2014-04-15T23:03:31.535978 #16422]  INFO -- : 0:  tilt (1.3.3) from /Users/sean/.rvm/gems/ruby-1.9.3-p484/specifications/tilt-1.3.3.gemspec
I, [2014-04-15T23:03:31.536424 #16422]  INFO -- : 0:  sprockets (2.2.2) from /Users/sean/.rvm/gems/ruby-1.9.3-p484/specifications/sprockets-2.2.2.gemspec
I, [2014-04-15T23:03:31.536877 #16422]  INFO -- : 0:  actionpack (3.2.11) from /Users/sean/.rvm/gems/ruby-1.9.3-p484/specifications/actionpack-3.2.11.gemspec
I, [2014-04-15T23:03:31.537302 #16422]  INFO -- : 0:  mime-types (1.19) from /Users/sean/.rvm/gems/ruby-1.9.3-p484/specifications/mime-types-1.19.gemspec
I, [2014-04-15T23:03:31.537686 #16422]  INFO -- : 0:  polyglot (0.3.3) from /Users/sean/.rvm/gems/ruby-1.9.3-p484/specifications/polyglot-0.3.3.gemspec
I, [2014-04-15T23:03:31.538088 #16422]  INFO -- : 0:  treetop (1.4.12) from /Users/sean/.rvm/gems/ruby-1.9.3-p484/specifications/treetop-1.4.12.gemspec
I, [2014-04-15T23:03:31.538477 #16422]  INFO -- : 0:  mail (2.4.4) from /Users/sean/.rvm/gems/ruby-1.9.3-p484/specifications/mail-2.4.4.gemspec
I, [2014-04-15T23:03:31.538869 #16422]  INFO -- : 0:  actionmailer (3.2.11) from /Users/sean/.rvm/gems/ruby-1.9.3-p484/specifications/actionmailer-3.2.11.gemspec
I, [2014-04-15T23:03:31.539265 #16422]  INFO -- : 0:  arel (3.0.2) from /Users/sean/.rvm/gems/ruby-1.9.3-p484/specifications/arel-3.0.2.gemspec
I, [2014-04-15T23:03:31.539667 #16422]  INFO -- : 0:  tzinfo (0.3.35) from /Users/sean/.rvm/gems/ruby-1.9.3-p484/specifications/tzinfo-0.3.35.gemspec
I, [2014-04-15T23:03:31.540058 #16422]  INFO -- : 0:  activerecord (3.2.11) from /Users/sean/.rvm/gems/ruby-1.9.3-p484/specifications/activerecord-3.2.11.gemspec
I, [2014-04-15T23:03:31.540460 #16422]  INFO -- : 0:  activeresource (3.2.11) from /Users/sean/.rvm/gems/ruby-1.9.3-p484/specifications/activeresource-3.2.11.gemspec
I, [2014-04-15T23:03:31.540840 #16422]  INFO -- : 0:  bundler (1.5.1) from /Users/sean/.rvm/gems/ruby-1.9.3-p484@global/specifications/bundler-1.5.1.gemspec
I, [2014-04-15T23:03:31.541243 #16422]  INFO -- : 0:  coffee-script-source (1.4.0) from /Users/sean/.rvm/gems/ruby-1.9.3-p484/specifications/coffee-script-source-1.4.0.gemspec
I, [2014-04-15T23:03:31.541629 #16422]  INFO -- : 0:  execjs (1.4.0) from /Users/sean/.rvm/gems/ruby-1.9.3-p484/specifications/execjs-1.4.0.gemspec
I, [2014-04-15T23:03:31.542015 #16422]  INFO -- : 0:  coffee-script (2.2.0) from /Users/sean/.rvm/gems/ruby-1.9.3-p484/specifications/coffee-script-2.2.0.gemspec
I, [2014-04-15T23:03:31.542373 #16422]  INFO -- : 0:  rack-ssl (1.3.2) from /Users/sean/.rvm/gems/ruby-1.9.3-p484/specifications/rack-ssl-1.3.2.gemspec
I, [2014-04-15T23:03:31.542715 #16422]  INFO -- : 0:  json (1.7.6) from /Users/sean/.rvm/gems/ruby-1.9.3-p484/specifications/json-1.7.6.gemspec
I, [2014-04-15T23:03:31.543072 #16422]  INFO -- : 0:  rdoc (3.12) from /Users/sean/.rvm/gems/ruby-1.9.3-p484/specifications/rdoc-3.12.gemspec
I, [2014-04-15T23:03:31.543398 #16422]  INFO -- : 0:  thor (0.16.0) from /Users/sean/.rvm/gems/ruby-1.9.3-p484/specifications/thor-0.16.0.gemspec
I, [2014-04-15T23:03:31.543726 #16422]  INFO -- : 0:  railties (3.2.11) from /Users/sean/.rvm/gems/ruby-1.9.3-p484/specifications/railties-3.2.11.gemspec
I, [2014-04-15T23:03:31.544059 #16422]  INFO -- : 0:  coffee-rails (3.2.2) from /Users/sean/.rvm/gems/ruby-1.9.3-p484/specifications/coffee-rails-3.2.2.gemspec
I, [2014-04-15T23:03:31.544379 #16422]  INFO -- : 0:  daemons (1.1.9) from /Users/sean/.rvm/gems/ruby-1.9.3-p484/specifications/daemons-1.1.9.gemspec
I, [2014-04-15T23:03:31.544705 #16422]  INFO -- : 0:  eventmachine (1.0.0) from /Users/sean/.rvm/gems/ruby-1.9.3-p484/specifications/eventmachine-1.0.0.gemspec
I, [2014-04-15T23:03:31.545048 #16422]  INFO -- : 0:  font-awesome-rails (3.2.1.3) from /Users/sean/.rvm/gems/ruby-1.9.3-p484/specifications/font-awesome-rails-3.2.1.3.gemspec
I, [2014-04-15T23:03:31.545374 #16422]  INFO -- : 0:  jquery-rails (2.1.4) from /Users/sean/.rvm/gems/ruby-1.9.3-p484/specifications/jquery-rails-2.1.4.gemspec
I, [2014-04-15T23:03:31.545699 #16422]  INFO -- : 0:  mini_portile (0.5.3) from /Users/sean/.rvm/gems/ruby-1.9.3-p484/specifications/mini_portile-0.5.3.gemspec
I, [2014-04-15T23:03:31.546022 #16422]  INFO -- : 0:  mysql2 (0.3.11) from /Users/sean/.rvm/gems/ruby-1.9.3-p484/specifications/mysql2-0.3.11.gemspec
I, [2014-04-15T23:03:31.546343 #16422]  INFO -- : 0:  nokogiri (1.6.1) from /Users/sean/.rvm/gems/ruby-1.9.3-p484/specifications/nokogiri-1.6.1.gemspec
I, [2014-04-15T23:03:31.546660 #16422]  INFO -- : 0:  pg (0.14.1) from /Users/sean/.rvm/gems/ruby-1.9.3-p484/specifications/pg-0.14.1.gemspec
I, [2014-04-15T23:03:31.546985 #16422]  INFO -- : 0:  rails (3.2.11) from /Users/sean/.rvm/gems/ruby-1.9.3-p484/specifications/rails-3.2.11.gemspec
I, [2014-04-15T23:03:31.547319 #16422]  INFO -- : 0:  sass (3.2.5) from /Users/sean/.rvm/gems/ruby-1.9.3-p484/specifications/sass-3.2.5.gemspec
I, [2014-04-15T23:03:31.547671 #16422]  INFO -- : 0:  sass-rails (3.2.5) from /Users/sean/.rvm/gems/ruby-1.9.3-p484/specifications/sass-rails-3.2.5.gemspec
I, [2014-04-15T23:03:31.547994 #16422]  INFO -- : 0:  sqlite3 (1.3.6) from /Users/sean/.rvm/gems/ruby-1.9.3-p484/specifications/sqlite3-1.3.6.gemspec
I, [2014-04-15T23:03:31.548317 #16422]  INFO -- : 0:  thin (1.5.0) from /Users/sean/.rvm/gems/ruby-1.9.3-p484/specifications/thin-1.5.0.gemspec
I, [2014-04-15T23:03:31.548642 #16422]  INFO -- : 0:  uglifier (1.3.0) from /Users/sean/.rvm/gems/ruby-1.9.3-p484/specifications/uglifier-1.3.0.gemspec
I, [2014-04-15T23:20:35.786888 #32012]  INFO -- : 0:  rake (10.0.3) from /Users/sean/.rvm/gems/ruby-1.9.3-p484/specifications/rake-10.0.3.gemspec
I, [2014-04-15T23:20:35.833666 #32012]  INFO -- : 0:  i18n (0.6.1) from /Users/sean/.rvm/gems/ruby-1.9.3-p484/specifications/i18n-0.6.1.gemspec
I, [2014-04-15T23:20:35.834219 #32012]  INFO -- : 0:  multi_json (1.5.0) from /Users/sean/.rvm/gems/ruby-1.9.3-p484/specifications/multi_json-1.5.0.gemspec
I, [2014-04-15T23:20:35.834733 #32012]  INFO -- : 0:  activesupport (3.2.11) from /Users/sean/.rvm/gems/ruby-1.9.3-p484/specifications/activesupport-3.2.11.gemspec
I, [2014-04-15T23:20:35.835232 #32012]  INFO -- : 0:  builder (3.0.4) from /Users/sean/.rvm/gems/ruby-1.9.3-p484/specifications/builder-3.0.4.gemspec
I, [2014-04-15T23:20:35.835744 #32012]  INFO -- : 0:  activemodel (3.2.11) from /Users/sean/.rvm/gems/ruby-1.9.3-p484/specifications/activemodel-3.2.11.gemspec
I, [2014-04-15T23:20:35.836234 #32012]  INFO -- : 0:  erubis (2.7.0) from /Users/sean/.rvm/gems/ruby-1.9.3-p484/specifications/erubis-2.7.0.gemspec
I, [2014-04-15T23:20:35.836729 #32012]  INFO -- : 0:  journey (1.0.4) from /Users/sean/.rvm/gems/ruby-1.9.3-p484/specifications/journey-1.0.4.gemspec
I, [2014-04-15T23:20:35.837217 #32012]  INFO -- : 0:  rack (1.4.3) from /Users/sean/.rvm/gems/ruby-1.9.3-p484/specifications/rack-1.4.3.gemspec
I, [2014-04-15T23:20:35.837698 #32012]  INFO -- : 0:  rack-cache (1.2) from /Users/sean/.rvm/gems/ruby-1.9.3-p484/specifications/rack-cache-1.2.gemspec
I, [2014-04-15T23:20:35.838189 #32012]  INFO -- : 0:  rack-test (0.6.2) from /Users/sean/.rvm/gems/ruby-1.9.3-p484/specifications/rack-test-0.6.2.gemspec
I, [2014-04-15T23:20:35.838678 #32012]  INFO -- : 0:  hike (1.2.1) from /Users/sean/.rvm/gems/ruby-1.9.3-p484/specifications/hike-1.2.1.gemspec
I, [2014-04-15T23:20:35.839210 #32012]  INFO -- : 0:  tilt (1.3.3) from /Users/sean/.rvm/gems/ruby-1.9.3-p484/specifications/tilt-1.3.3.gemspec
I, [2014-04-15T23:20:35.839787 #32012]  INFO -- : 0:  sprockets (2.2.2) from /Users/sean/.rvm/gems/ruby-1.9.3-p484/specifications/sprockets-2.2.2.gemspec
I, [2014-04-15T23:20:35.840400 #32012]  INFO -- : 0:  actionpack (3.2.11) from /Users/sean/.rvm/gems/ruby-1.9.3-p484/specifications/actionpack-3.2.11.gemspec
I, [2014-04-15T23:20:35.840982 #32012]  INFO -- : 0:  mime-types (1.19) from /Users/sean/.rvm/gems/ruby-1.9.3-p484/specifications/mime-types-1.19.gemspec
I, [2014-04-15T23:20:35.841506 #32012]  INFO -- : 0:  polyglot (0.3.3) from /Users/sean/.rvm/gems/ruby-1.9.3-p484/specifications/polyglot-0.3.3.gemspec
I, [2014-04-15T23:20:35.842043 #32012]  INFO -- : 0:  treetop (1.4.12) from /Users/sean/.rvm/gems/ruby-1.9.3-p484/specifications/treetop-1.4.12.gemspec
I, [2014-04-15T23:20:35.842530 #32012]  INFO -- : 0:  mail (2.4.4) from /Users/sean/.rvm/gems/ruby-1.9.3-p484/specifications/mail-2.4.4.gemspec
I, [2014-04-15T23:20:35.843033 #32012]  INFO -- : 0:  actionmailer (3.2.11) from /Users/sean/.rvm/gems/ruby-1.9.3-p484/specifications/actionmailer-3.2.11.gemspec
I, [2014-04-15T23:20:35.843455 #32012]  INFO -- : 0:  arel (3.0.2) from /Users/sean/.rvm/gems/ruby-1.9.3-p484/specifications/arel-3.0.2.gemspec
I, [2014-04-15T23:20:35.843840 #32012]  INFO -- : 0:  tzinfo (0.3.35) from /Users/sean/.rvm/gems/ruby-1.9.3-p484/specifications/tzinfo-0.3.35.gemspec
I, [2014-04-15T23:20:35.844215 #32012]  INFO -- : 0:  activerecord (3.2.11) from /Users/sean/.rvm/gems/ruby-1.9.3-p484/specifications/activerecord-3.2.11.gemspec
I, [2014-04-15T23:20:35.844606 #32012]  INFO -- : 0:  activeresource (3.2.11) from /Users/sean/.rvm/gems/ruby-1.9.3-p484/specifications/activeresource-3.2.11.gemspec
I, [2014-04-15T23:20:35.844957 #32012]  INFO -- : 0:  bundler (1.5.1) from /Users/sean/.rvm/gems/ruby-1.9.3-p484@global/specifications/bundler-1.5.1.gemspec
I, [2014-04-15T23:20:35.845326 #32012]  INFO -- : 0:  coffee-script-source (1.4.0) from /Users/sean/.rvm/gems/ruby-1.9.3-p484/specifications/coffee-script-source-1.4.0.gemspec
I, [2014-04-15T23:20:35.845697 #32012]  INFO -- : 0:  execjs (1.4.0) from /Users/sean/.rvm/gems/ruby-1.9.3-p484/specifications/execjs-1.4.0.gemspec
I, [2014-04-15T23:20:35.846054 #32012]  INFO -- : 0:  coffee-script (2.2.0) from /Users/sean/.rvm/gems/ruby-1.9.3-p484/specifications/coffee-script-2.2.0.gemspec
I, [2014-04-15T23:20:35.846419 #32012]  INFO -- : 0:  rack-ssl (1.3.2) from /Users/sean/.rvm/gems/ruby-1.9.3-p484/specifications/rack-ssl-1.3.2.gemspec
I, [2014-04-15T23:20:35.846779 #32012]  INFO -- : 0:  json (1.7.6) from /Users/sean/.rvm/gems/ruby-1.9.3-p484/specifications/json-1.7.6.gemspec
I, [2014-04-15T23:20:35.847142 #32012]  INFO -- : 0:  rdoc (3.12) from /Users/sean/.rvm/gems/ruby-1.9.3-p484/specifications/rdoc-3.12.gemspec
I, [2014-04-15T23:20:35.847607 #32012]  INFO -- : 0:  thor (0.16.0) from /Users/sean/.rvm/gems/ruby-1.9.3-p484/specifications/thor-0.16.0.gemspec
I, [2014-04-15T23:20:35.847979 #32012]  INFO -- : 0:  railties (3.2.11) from /Users/sean/.rvm/gems/ruby-1.9.3-p484/specifications/railties-3.2.11.gemspec
I, [2014-04-15T23:20:35.848347 #32012]  INFO -- : 0:  coffee-rails (3.2.2) from /Users/sean/.rvm/gems/ruby-1.9.3-p484/specifications/coffee-rails-3.2.2.gemspec
I, [2014-04-15T23:20:35.848702 #32012]  INFO -- : 0:  daemons (1.1.9) from /Users/sean/.rvm/gems/ruby-1.9.3-p484/specifications/daemons-1.1.9.gemspec
I, [2014-04-15T23:20:35.849102 #32012]  INFO -- : 0:  eventmachine (1.0.0) from /Users/sean/.rvm/gems/ruby-1.9.3-p484/specifications/eventmachine-1.0.0.gemspec
I, [2014-04-15T23:20:35.849462 #32012]  INFO -- : 0:  font-awesome-rails (3.2.1.3) from /Users/sean/.rvm/gems/ruby-1.9.3-p484/specifications/font-awesome-rails-3.2.1.3.gemspec
I, [2014-04-15T23:20:35.849825 #32012]  INFO -- : 0:  jquery-rails (2.1.4) from /Users/sean/.rvm/gems/ruby-1.9.3-p484/specifications/jquery-rails-2.1.4.gemspec
I, [2014-04-15T23:20:35.850185 #32012]  INFO -- : 0:  mysql2 (0.3.11) from /Users/sean/.rvm/gems/ruby-1.9.3-p484/specifications/mysql2-0.3.11.gemspec
I, [2014-04-15T23:20:35.850722 #32012]  INFO -- : 0:  pg (0.14.1) from /Users/sean/.rvm/gems/ruby-1.9.3-p484/specifications/pg-0.14.1.gemspec
I, [2014-04-15T23:20:35.851100 #32012]  INFO -- : 0:  rails (3.2.11) from /Users/sean/.rvm/gems/ruby-1.9.3-p484/specifications/rails-3.2.11.gemspec
I, [2014-04-15T23:20:35.851476 #32012]  INFO -- : 0:  sass (3.2.5) from /Users/sean/.rvm/gems/ruby-1.9.3-p484/specifications/sass-3.2.5.gemspec
I, [2014-04-15T23:20:35.851841 #32012]  INFO -- : 0:  sass-rails (3.2.5) from /Users/sean/.rvm/gems/ruby-1.9.3-p484/specifications/sass-rails-3.2.5.gemspec
I, [2014-04-15T23:20:35.852200 #32012]  INFO -- : 0:  sqlite3 (1.3.6) from /Users/sean/.rvm/gems/ruby-1.9.3-p484/specifications/sqlite3-1.3.6.gemspec
I, [2014-04-15T23:20:35.852570 #32012]  INFO -- : 0:  thin (1.5.0) from /Users/sean/.rvm/gems/ruby-1.9.3-p484/specifications/thin-1.5.0.gemspec
I, [2014-04-15T23:20:35.852982 #32012]  INFO -- : 0:  uglifier (1.3.0) from /Users/sean/.rvm/gems/ruby-1.9.3-p484/specifications/uglifier-1.3.0.gemspec
I, [2014-04-15T23:22:43.680377 #32043]  INFO -- : 0:  rake (10.0.3) from /Users/sean/.rvm/gems/ruby-1.9.3-p484/specifications/rake-10.0.3.gemspec
I, [2014-04-15T23:22:43.751824 #32043]  INFO -- : 0:  i18n (0.6.1) from /Users/sean/.rvm/gems/ruby-1.9.3-p484/specifications/i18n-0.6.1.gemspec
I, [2014-04-15T23:22:43.752261 #32043]  INFO -- : 0:  multi_json (1.5.0) from /Users/sean/.rvm/gems/ruby-1.9.3-p484/specifications/multi_json-1.5.0.gemspec
I, [2014-04-15T23:22:43.752629 #32043]  INFO -- : 0:  activesupport (3.2.11) from /Users/sean/.rvm/gems/ruby-1.9.3-p484/specifications/activesupport-3.2.11.gemspec
I, [2014-04-15T23:22:43.752997 #32043]  INFO -- : 0:  builder (3.0.4) from /Users/sean/.rvm/gems/ruby-1.9.3-p484/specifications/builder-3.0.4.gemspec
I, [2014-04-15T23:22:43.753348 #32043]  INFO -- : 0:  activemodel (3.2.11) from /Users/sean/.rvm/gems/ruby-1.9.3-p484/specifications/activemodel-3.2.11.gemspec
I, [2014-04-15T23:22:43.753693 #32043]  INFO -- : 0:  erubis (2.7.0) from /Users/sean/.rvm/gems/ruby-1.9.3-p484/specifications/erubis-2.7.0.gemspec
I, [2014-04-15T23:22:43.754032 #32043]  INFO -- : 0:  journey (1.0.4) from /Users/sean/.rvm/gems/ruby-1.9.3-p484/specifications/journey-1.0.4.gemspec
I, [2014-04-15T23:22:43.754504 #32043]  INFO -- : 0:  rack (1.4.3) from /Users/sean/.rvm/gems/ruby-1.9.3-p484/specifications/rack-1.4.3.gemspec
I, [2014-04-15T23:22:43.755123 #32043]  INFO -- : 0:  rack-cache (1.2) from /Users/sean/.rvm/gems/ruby-1.9.3-p484/specifications/rack-cache-1.2.gemspec
I, [2014-04-15T23:22:43.755821 #32043]  INFO -- : 0:  rack-test (0.6.2) from /Users/sean/.rvm/gems/ruby-1.9.3-p484/specifications/rack-test-0.6.2.gemspec
I, [2014-04-15T23:22:43.756330 #32043]  INFO -- : 0:  hike (1.2.1) from /Users/sean/.rvm/gems/ruby-1.9.3-p484/specifications/hike-1.2.1.gemspec
I, [2014-04-15T23:22:43.756763 #32043]  INFO -- : 0:  tilt (1.3.3) from /Users/sean/.rvm/gems/ruby-1.9.3-p484/specifications/tilt-1.3.3.gemspec
I, [2014-04-15T23:22:43.757193 #32043]  INFO -- : 0:  sprockets (2.2.2) from /Users/sean/.rvm/gems/ruby-1.9.3-p484/specifications/sprockets-2.2.2.gemspec
I, [2014-04-15T23:22:43.757625 #32043]  INFO -- : 0:  actionpack (3.2.11) from /Users/sean/.rvm/gems/ruby-1.9.3-p484/specifications/actionpack-3.2.11.gemspec
I, [2014-04-15T23:22:43.758056 #32043]  INFO -- : 0:  mime-types (1.19) from /Users/sean/.rvm/gems/ruby-1.9.3-p484/specifications/mime-types-1.19.gemspec
I, [2014-04-15T23:22:43.758479 #32043]  INFO -- : 0:  polyglot (0.3.3) from /Users/sean/.rvm/gems/ruby-1.9.3-p484/specifications/polyglot-0.3.3.gemspec
I, [2014-04-15T23:22:43.758902 #32043]  INFO -- : 0:  treetop (1.4.12) from /Users/sean/.rvm/gems/ruby-1.9.3-p484/specifications/treetop-1.4.12.gemspec
I, [2014-04-15T23:22:43.759356 #32043]  INFO -- : 0:  mail (2.4.4) from /Users/sean/.rvm/gems/ruby-1.9.3-p484/specifications/mail-2.4.4.gemspec
I, [2014-04-15T23:22:43.759769 #32043]  INFO -- : 0:  actionmailer (3.2.11) from /Users/sean/.rvm/gems/ruby-1.9.3-p484/specifications/actionmailer-3.2.11.gemspec
I, [2014-04-15T23:22:43.760216 #32043]  INFO -- : 0:  arel (3.0.2) from /Users/sean/.rvm/gems/ruby-1.9.3-p484/specifications/arel-3.0.2.gemspec
I, [2014-04-15T23:22:43.760632 #32043]  INFO -- : 0:  tzinfo (0.3.35) from /Users/sean/.rvm/gems/ruby-1.9.3-p484/specifications/tzinfo-0.3.35.gemspec
I, [2014-04-15T23:22:43.761045 #32043]  INFO -- : 0:  activerecord (3.2.11) from /Users/sean/.rvm/gems/ruby-1.9.3-p484/specifications/activerecord-3.2.11.gemspec
I, [2014-04-15T23:22:43.761619 #32043]  INFO -- : 0:  activeresource (3.2.11) from /Users/sean/.rvm/gems/ruby-1.9.3-p484/specifications/activeresource-3.2.11.gemspec
I, [2014-04-15T23:22:43.762077 #32043]  INFO -- : 0:  bundler (1.5.1) from /Users/sean/.rvm/gems/ruby-1.9.3-p484@global/specifications/bundler-1.5.1.gemspec
I, [2014-04-15T23:22:43.762547 #32043]  INFO -- : 0:  coffee-script-source (1.4.0) from /Users/sean/.rvm/gems/ruby-1.9.3-p484/specifications/coffee-script-source-1.4.0.gemspec
I, [2014-04-15T23:22:43.763010 #32043]  INFO -- : 0:  execjs (1.4.0) from /Users/sean/.rvm/gems/ruby-1.9.3-p484/specifications/execjs-1.4.0.gemspec
I, [2014-04-15T23:22:43.763462 #32043]  INFO -- : 0:  coffee-script (2.2.0) from /Users/sean/.rvm/gems/ruby-1.9.3-p484/specifications/coffee-script-2.2.0.gemspec
I, [2014-04-15T23:22:43.763920 #32043]  INFO -- : 0:  rack-ssl (1.3.2) from /Users/sean/.rvm/gems/ruby-1.9.3-p484/specifications/rack-ssl-1.3.2.gemspec
I, [2014-04-15T23:22:43.764385 #32043]  INFO -- : 0:  json (1.7.6) from /Users/sean/.rvm/gems/ruby-1.9.3-p484/specifications/json-1.7.6.gemspec
I, [2014-04-15T23:22:43.764788 #32043]  INFO -- : 0:  rdoc (3.12) from /Users/sean/.rvm/gems/ruby-1.9.3-p484/specifications/rdoc-3.12.gemspec
I, [2014-04-15T23:22:43.765116 #32043]  INFO -- : 0:  thor (0.16.0) from /Users/sean/.rvm/gems/ruby-1.9.3-p484/specifications/thor-0.16.0.gemspec
I, [2014-04-15T23:22:43.765503 #32043]  INFO -- : 0:  railties (3.2.11) from /Users/sean/.rvm/gems/ruby-1.9.3-p484/specifications/railties-3.2.11.gemspec
I, [2014-04-15T23:22:43.765891 #32043]  INFO -- : 0:  coffee-rails (3.2.2) from /Users/sean/.rvm/gems/ruby-1.9.3-p484/specifications/coffee-rails-3.2.2.gemspec
I, [2014-04-15T23:22:43.766293 #32043]  INFO -- : 0:  daemons (1.1.9) from /Users/sean/.rvm/gems/ruby-1.9.3-p484/specifications/daemons-1.1.9.gemspec
I, [2014-04-15T23:22:43.766677 #32043]  INFO -- : 0:  eventmachine (1.0.0) from /Users/sean/.rvm/gems/ruby-1.9.3-p484/specifications/eventmachine-1.0.0.gemspec
I, [2014-04-15T23:22:43.767058 #32043]  INFO -- : 0:  font-awesome-rails (3.2.1.3) from /Users/sean/.rvm/gems/ruby-1.9.3-p484/specifications/font-awesome-rails-3.2.1.3.gemspec
I, [2014-04-15T23:22:43.767444 #32043]  INFO -- : 0:  jquery-rails (2.1.4) from /Users/sean/.rvm/gems/ruby-1.9.3-p484/specifications/jquery-rails-2.1.4.gemspec
I, [2014-04-15T23:22:43.767825 #32043]  INFO -- : 0:  mini_portile (0.5.3) from /Users/sean/.rvm/gems/ruby-1.9.3-p484/specifications/mini_portile-0.5.3.gemspec
I, [2014-04-15T23:22:43.768243 #32043]  INFO -- : 0:  mysql2 (0.3.11) from /Users/sean/.rvm/gems/ruby-1.9.3-p484/specifications/mysql2-0.3.11.gemspec
I, [2014-04-15T23:22:43.768633 #32043]  INFO -- : 0:  nokogiri (1.6.1) from /Users/sean/.rvm/gems/ruby-1.9.3-p484/specifications/nokogiri-1.6.1.gemspec
I, [2014-04-15T23:22:43.769005 #32043]  INFO -- : 0:  pg (0.14.1) from /Users/sean/.rvm/gems/ruby-1.9.3-p484/specifications/pg-0.14.1.gemspec
I, [2014-04-15T23:22:43.769388 #32043]  INFO -- : 0:  rails (3.2.11) from /Users/sean/.rvm/gems/ruby-1.9.3-p484/specifications/rails-3.2.11.gemspec
I, [2014-04-15T23:22:43.769774 #32043]  INFO -- : 0:  sass (3.2.5) from /Users/sean/.rvm/gems/ruby-1.9.3-p484/specifications/sass-3.2.5.gemspec
I, [2014-04-15T23:22:43.770160 #32043]  INFO -- : 0:  sass-rails (3.2.5) from /Users/sean/.rvm/gems/ruby-1.9.3-p484/specifications/sass-rails-3.2.5.gemspec
I, [2014-04-15T23:22:43.770541 #32043]  INFO -- : 0:  sqlite3 (1.3.6) from /Users/sean/.rvm/gems/ruby-1.9.3-p484/specifications/sqlite3-1.3.6.gemspec
I, [2014-04-15T23:22:43.770925 #32043]  INFO -- : 0:  thin (1.5.0) from /Users/sean/.rvm/gems/ruby-1.9.3-p484/specifications/thin-1.5.0.gemspec
I, [2014-04-15T23:22:43.771317 #32043]  INFO -- : 0:  uglifier (1.3.0) from /Users/sean/.rvm/gems/ruby-1.9.3-p484/specifications/uglifier-1.3.0.gemspec
I, [2014-04-15T23:39:37.313280 #32262]  INFO -- : 0:  rake (10.0.3) from /Users/sean/.rvm/gems/ruby-1.9.3-p484/specifications/rake-10.0.3.gemspec
I, [2014-04-15T23:39:37.331592 #32262]  INFO -- : 0:  i18n (0.6.1) from /Users/sean/.rvm/gems/ruby-1.9.3-p484/specifications/i18n-0.6.1.gemspec
I, [2014-04-15T23:39:37.332071 #32262]  INFO -- : 0:  multi_json (1.5.0) from /Users/sean/.rvm/gems/ruby-1.9.3-p484/specifications/multi_json-1.5.0.gemspec
I, [2014-04-15T23:39:37.332587 #32262]  INFO -- : 0:  activesupport (3.2.11) from /Users/sean/.rvm/gems/ruby-1.9.3-p484/specifications/activesupport-3.2.11.gemspec
I, [2014-04-15T23:39:37.332952 #32262]  INFO -- : 0:  builder (3.0.4) from /Users/sean/.rvm/gems/ruby-1.9.3-p484/specifications/builder-3.0.4.gemspec
I, [2014-04-15T23:39:37.333454 #32262]  INFO -- : 0:  activemodel (3.2.11) from /Users/sean/.rvm/gems/ruby-1.9.3-p484/specifications/activemodel-3.2.11.gemspec
I, [2014-04-15T23:39:37.333803 #32262]  INFO -- : 0:  erubis (2.7.0) from /Users/sean/.rvm/gems/ruby-1.9.3-p484/specifications/erubis-2.7.0.gemspec
I, [2014-04-15T23:39:37.334142 #32262]  INFO -- : 0:  journey (1.0.4) from /Users/sean/.rvm/gems/ruby-1.9.3-p484/specifications/journey-1.0.4.gemspec
I, [2014-04-15T23:39:37.334483 #32262]  INFO -- : 0:  rack (1.4.3) from /Users/sean/.rvm/gems/ruby-1.9.3-p484/specifications/rack-1.4.3.gemspec
I, [2014-04-15T23:39:37.334853 #32262]  INFO -- : 0:  rack-cache (1.2) from /Users/sean/.rvm/gems/ruby-1.9.3-p484/specifications/rack-cache-1.2.gemspec
I, [2014-04-15T23:39:37.335201 #32262]  INFO -- : 0:  rack-test (0.6.2) from /Users/sean/.rvm/gems/ruby-1.9.3-p484/specifications/rack-test-0.6.2.gemspec
I, [2014-04-15T23:39:37.335549 #32262]  INFO -- : 0:  hike (1.2.1) from /Users/sean/.rvm/gems/ruby-1.9.3-p484/specifications/hike-1.2.1.gemspec
I, [2014-04-15T23:39:37.336001 #32262]  INFO -- : 0:  tilt (1.3.3) from /Users/sean/.rvm/gems/ruby-1.9.3-p484/specifications/tilt-1.3.3.gemspec
I, [2014-04-15T23:39:37.336384 #32262]  INFO -- : 0:  sprockets (2.2.2) from /Users/sean/.rvm/gems/ruby-1.9.3-p484/specifications/sprockets-2.2.2.gemspec
I, [2014-04-15T23:39:37.336987 #32262]  INFO -- : 0:  actionpack (3.2.11) from /Users/sean/.rvm/gems/ruby-1.9.3-p484/specifications/actionpack-3.2.11.gemspec
I, [2014-04-15T23:39:37.337492 #32262]  INFO -- : 0:  mime-types (1.19) from /Users/sean/.rvm/gems/ruby-1.9.3-p484/specifications/mime-types-1.19.gemspec
I, [2014-04-15T23:39:37.337989 #32262]  INFO -- : 0:  polyglot (0.3.3) from /Users/sean/.rvm/gems/ruby-1.9.3-p484/specifications/polyglot-0.3.3.gemspec
I, [2014-04-15T23:39:37.338489 #32262]  INFO -- : 0:  treetop (1.4.12) from /Users/sean/.rvm/gems/ruby-1.9.3-p484/specifications/treetop-1.4.12.gemspec
I, [2014-04-15T23:39:37.338984 #32262]  INFO -- : 0:  mail (2.4.4) from /Users/sean/.rvm/gems/ruby-1.9.3-p484/specifications/mail-2.4.4.gemspec
I, [2014-04-15T23:39:37.339492 #32262]  INFO -- : 0:  actionmailer (3.2.11) from /Users/sean/.rvm/gems/ruby-1.9.3-p484/specifications/actionmailer-3.2.11.gemspec
I, [2014-04-15T23:39:37.339987 #32262]  INFO -- : 0:  arel (3.0.2) from /Users/sean/.rvm/gems/ruby-1.9.3-p484/specifications/arel-3.0.2.gemspec
I, [2014-04-15T23:39:37.340359 #32262]  INFO -- : 0:  tzinfo (0.3.35) from /Users/sean/.rvm/gems/ruby-1.9.3-p484/specifications/tzinfo-0.3.35.gemspec
I, [2014-04-15T23:39:37.340705 #32262]  INFO -- : 0:  activerecord (3.2.11) from /Users/sean/.rvm/gems/ruby-1.9.3-p484/specifications/activerecord-3.2.11.gemspec
I, [2014-04-15T23:39:37.341099 #32262]  INFO -- : 0:  activeresource (3.2.11) from /Users/sean/.rvm/gems/ruby-1.9.3-p484/specifications/activeresource-3.2.11.gemspec
I, [2014-04-15T23:39:37.341627 #32262]  INFO -- : 0:  bundler (1.5.1) from /Users/sean/.rvm/gems/ruby-1.9.3-p484@global/specifications/bundler-1.5.1.gemspec
I, [2014-04-15T23:39:37.342125 #32262]  INFO -- : 0:  coffee-script-source (1.4.0) from /Users/sean/.rvm/gems/ruby-1.9.3-p484/specifications/coffee-script-source-1.4.0.gemspec
I, [2014-04-15T23:39:37.342598 #32262]  INFO -- : 0:  execjs (1.4.0) from /Users/sean/.rvm/gems/ruby-1.9.3-p484/specifications/execjs-1.4.0.gemspec
I, [2014-04-15T23:39:37.343064 #32262]  INFO -- : 0:  coffee-script (2.2.0) from /Users/sean/.rvm/gems/ruby-1.9.3-p484/specifications/coffee-script-2.2.0.gemspec
I, [2014-04-15T23:39:37.343536 #32262]  INFO -- : 0:  rack-ssl (1.3.2) from /Users/sean/.rvm/gems/ruby-1.9.3-p484/specifications/rack-ssl-1.3.2.gemspec
I, [2014-04-15T23:39:37.344028 #32262]  INFO -- : 0:  json (1.7.6) from /Users/sean/.rvm/gems/ruby-1.9.3-p484/specifications/json-1.7.6.gemspec
I, [2014-04-15T23:39:37.344507 #32262]  INFO -- : 0:  rdoc (3.12) from /Users/sean/.rvm/gems/ruby-1.9.3-p484/specifications/rdoc-3.12.gemspec
I, [2014-04-15T23:39:37.345020 #32262]  INFO -- : 0:  thor (0.16.0) from /Users/sean/.rvm/gems/ruby-1.9.3-p484/specifications/thor-0.16.0.gemspec
I, [2014-04-15T23:39:37.345547 #32262]  INFO -- : 0:  railties (3.2.11) from /Users/sean/.rvm/gems/ruby-1.9.3-p484/specifications/railties-3.2.11.gemspec
I, [2014-04-15T23:39:37.346042 #32262]  INFO -- : 0:  coffee-rails (3.2.2) from /Users/sean/.rvm/gems/ruby-1.9.3-p484/specifications/coffee-rails-3.2.2.gemspec
I, [2014-04-15T23:39:37.346514 #32262]  INFO -- : 0:  daemons (1.1.9) from /Users/sean/.rvm/gems/ruby-1.9.3-p484/specifications/daemons-1.1.9.gemspec
I, [2014-04-15T23:39:37.346991 #32262]  INFO -- : 0:  eventmachine (1.0.0) from /Users/sean/.rvm/gems/ruby-1.9.3-p484/specifications/eventmachine-1.0.0.gemspec
I, [2014-04-15T23:39:37.347494 #32262]  INFO -- : 0:  font-awesome-rails (3.2.1.3) from /Users/sean/.rvm/gems/ruby-1.9.3-p484/specifications/font-awesome-rails-3.2.1.3.gemspec
I, [2014-04-15T23:39:37.347983 #32262]  INFO -- : 0:  jquery-rails (2.1.4) from /Users/sean/.rvm/gems/ruby-1.9.3-p484/specifications/jquery-rails-2.1.4.gemspec
I, [2014-04-15T23:39:37.348506 #32262]  INFO -- : 0:  mini_portile (0.5.3) from /Users/sean/.rvm/gems/ruby-1.9.3-p484/specifications/mini_portile-0.5.3.gemspec
I, [2014-04-15T23:39:37.348910 #32262]  INFO -- : 0:  mysql2 (0.3.11) from /Users/sean/.rvm/gems/ruby-1.9.3-p484/specifications/mysql2-0.3.11.gemspec
I, [2014-04-15T23:39:37.349314 #32262]  INFO -- : 0:  nokogiri (1.6.1) from /Users/sean/.rvm/gems/ruby-1.9.3-p484/specifications/nokogiri-1.6.1.gemspec
I, [2014-04-15T23:39:37.349709 #32262]  INFO -- : 0:  pg (0.14.1) from /Users/sean/.rvm/gems/ruby-1.9.3-p484/specifications/pg-0.14.1.gemspec
I, [2014-04-15T23:39:37.350130 #32262]  INFO -- : 0:  rails (3.2.11) from /Users/sean/.rvm/gems/ruby-1.9.3-p484/specifications/rails-3.2.11.gemspec
I, [2014-04-15T23:39:37.350526 #32262]  INFO -- : 0:  sass (3.2.5) from /Users/sean/.rvm/gems/ruby-1.9.3-p484/specifications/sass-3.2.5.gemspec
I, [2014-04-15T23:39:37.350908 #32262]  INFO -- : 0:  sass-rails (3.2.5) from /Users/sean/.rvm/gems/ruby-1.9.3-p484/specifications/sass-rails-3.2.5.gemspec
I, [2014-04-15T23:39:37.351482 #32262]  INFO -- : 0:  sqlite3 (1.3.6) from /Users/sean/.rvm/gems/ruby-1.9.3-p484/specifications/sqlite3-1.3.6.gemspec
I, [2014-04-15T23:39:37.351986 #32262]  INFO -- : 0:  thin (1.5.0) from /Users/sean/.rvm/gems/ruby-1.9.3-p484/specifications/thin-1.5.0.gemspec
I, [2014-04-15T23:39:37.352481 #32262]  INFO -- : 0:  uglifier (1.3.0) from /Users/sean/.rvm/gems/ruby-1.9.3-p484/specifications/uglifier-1.3.0.gemspec
I, [2014-04-15T23:54:54.616875 #47710]  INFO -- : 0:  rake (10.0.3) from /Users/sean/.rvm/gems/ruby-1.9.3-p484/specifications/rake-10.0.3.gemspec
I, [2014-04-15T23:54:54.662003 #47710]  INFO -- : 0:  i18n (0.6.1) from /Users/sean/.rvm/gems/ruby-1.9.3-p484/specifications/i18n-0.6.1.gemspec
I, [2014-04-15T23:54:54.662631 #47710]  INFO -- : 0:  multi_json (1.5.0) from /Users/sean/.rvm/gems/ruby-1.9.3-p484/specifications/multi_json-1.5.0.gemspec
I, [2014-04-15T23:54:54.663157 #47710]  INFO -- : 0:  activesupport (3.2.11) from /Users/sean/.rvm/gems/ruby-1.9.3-p484/specifications/activesupport-3.2.11.gemspec
I, [2014-04-15T23:54:54.663629 #47710]  INFO -- : 0:  builder (3.0.4) from /Users/sean/.rvm/gems/ruby-1.9.3-p484/specifications/builder-3.0.4.gemspec
I, [2014-04-15T23:54:54.664074 #47710]  INFO -- : 0:  activemodel (3.2.11) from /Users/sean/.rvm/gems/ruby-1.9.3-p484/specifications/activemodel-3.2.11.gemspec
I, [2014-04-15T23:54:54.664508 #47710]  INFO -- : 0:  erubis (2.7.0) from /Users/sean/.rvm/gems/ruby-1.9.3-p484/specifications/erubis-2.7.0.gemspec
I, [2014-04-15T23:54:54.664937 #47710]  INFO -- : 0:  journey (1.0.4) from /Users/sean/.rvm/gems/ruby-1.9.3-p484/specifications/journey-1.0.4.gemspec
I, [2014-04-15T23:54:54.665371 #47710]  INFO -- : 0:  rack (1.4.3) from /Users/sean/.rvm/gems/ruby-1.9.3-p484/specifications/rack-1.4.3.gemspec
I, [2014-04-15T23:54:54.665804 #47710]  INFO -- : 0:  rack-cache (1.2) from /Users/sean/.rvm/gems/ruby-1.9.3-p484/specifications/rack-cache-1.2.gemspec
I, [2014-04-15T23:54:54.666228 #47710]  INFO -- : 0:  rack-test (0.6.2) from /Users/sean/.rvm/gems/ruby-1.9.3-p484/specifications/rack-test-0.6.2.gemspec
I, [2014-04-15T23:54:54.666637 #47710]  INFO -- : 0:  hike (1.2.1) from /Users/sean/.rvm/gems/ruby-1.9.3-p484/specifications/hike-1.2.1.gemspec
I, [2014-04-15T23:54:54.667026 #47710]  INFO -- : 0:  tilt (1.3.3) from /Users/sean/.rvm/gems/ruby-1.9.3-p484/specifications/tilt-1.3.3.gemspec
I, [2014-04-15T23:54:54.667413 #47710]  INFO -- : 0:  sprockets (2.2.2) from /Users/sean/.rvm/gems/ruby-1.9.3-p484/specifications/sprockets-2.2.2.gemspec
I, [2014-04-15T23:54:54.667802 #47710]  INFO -- : 0:  actionpack (3.2.11) from /Users/sean/.rvm/gems/ruby-1.9.3-p484/specifications/actionpack-3.2.11.gemspec
I, [2014-04-15T23:54:54.668214 #47710]  INFO -- : 0:  mime-types (1.19) from /Users/sean/.rvm/gems/ruby-1.9.3-p484/specifications/mime-types-1.19.gemspec
I, [2014-04-15T23:54:54.668605 #47710]  INFO -- : 0:  polyglot (0.3.3) from /Users/sean/.rvm/gems/ruby-1.9.3-p484/specifications/polyglot-0.3.3.gemspec
I, [2014-04-15T23:54:54.668989 #47710]  INFO -- : 0:  treetop (1.4.12) from /Users/sean/.rvm/gems/ruby-1.9.3-p484/specifications/treetop-1.4.12.gemspec
I, [2014-04-15T23:54:54.669378 #47710]  INFO -- : 0:  mail (2.4.4) from /Users/sean/.rvm/gems/ruby-1.9.3-p484/specifications/mail-2.4.4.gemspec
I, [2014-04-15T23:54:54.669771 #47710]  INFO -- : 0:  actionmailer (3.2.11) from /Users/sean/.rvm/gems/ruby-1.9.3-p484/specifications/actionmailer-3.2.11.gemspec
I, [2014-04-15T23:54:54.670168 #47710]  INFO -- : 0:  arel (3.0.2) from /Users/sean/.rvm/gems/ruby-1.9.3-p484/specifications/arel-3.0.2.gemspec
I, [2014-04-15T23:54:54.670553 #47710]  INFO -- : 0:  tzinfo (0.3.35) from /Users/sean/.rvm/gems/ruby-1.9.3-p484/specifications/tzinfo-0.3.35.gemspec
I, [2014-04-15T23:54:54.670944 #47710]  INFO -- : 0:  activerecord (3.2.11) from /Users/sean/.rvm/gems/ruby-1.9.3-p484/specifications/activerecord-3.2.11.gemspec
I, [2014-04-15T23:54:54.671342 #47710]  INFO -- : 0:  activeresource (3.2.11) from /Users/sean/.rvm/gems/ruby-1.9.3-p484/specifications/activeresource-3.2.11.gemspec
I, [2014-04-15T23:54:54.671722 #47710]  INFO -- : 0:  bundler (1.5.1) from /Users/sean/.rvm/gems/ruby-1.9.3-p484@global/specifications/bundler-1.5.1.gemspec
I, [2014-04-15T23:54:54.672110 #47710]  INFO -- : 0:  coffee-script-source (1.4.0) from /Users/sean/.rvm/gems/ruby-1.9.3-p484/specifications/coffee-script-source-1.4.0.gemspec
I, [2014-04-15T23:54:54.672504 #47710]  INFO -- : 0:  execjs (1.4.0) from /Users/sean/.rvm/gems/ruby-1.9.3-p484/specifications/execjs-1.4.0.gemspec
I, [2014-04-15T23:54:54.672895 #47710]  INFO -- : 0:  coffee-script (2.2.0) from /Users/sean/.rvm/gems/ruby-1.9.3-p484/specifications/coffee-script-2.2.0.gemspec
I, [2014-04-15T23:54:54.673260 #47710]  INFO -- : 0:  rack-ssl (1.3.2) from /Users/sean/.rvm/gems/ruby-1.9.3-p484/specifications/rack-ssl-1.3.2.gemspec
I, [2014-04-15T23:54:54.673634 #47710]  INFO -- : 0:  json (1.7.6) from /Users/sean/.rvm/gems/ruby-1.9.3-p484/specifications/json-1.7.6.gemspec
I, [2014-04-15T23:54:54.674041 #47710]  INFO -- : 0:  rdoc (3.12) from /Users/sean/.rvm/gems/ruby-1.9.3-p484/specifications/rdoc-3.12.gemspec
I, [2014-04-15T23:54:54.674438 #47710]  INFO -- : 0:  thor (0.16.0) from /Users/sean/.rvm/gems/ruby-1.9.3-p484/specifications/thor-0.16.0.gemspec
I, [2014-04-15T23:54:54.674850 #47710]  INFO -- : 0:  railties (3.2.11) from /Users/sean/.rvm/gems/ruby-1.9.3-p484/specifications/railties-3.2.11.gemspec
I, [2014-04-15T23:54:54.675247 #47710]  INFO -- : 0:  coffee-rails (3.2.2) from /Users/sean/.rvm/gems/ruby-1.9.3-p484/specifications/coffee-rails-3.2.2.gemspec
I, [2014-04-15T23:54:54.675620 #47710]  INFO -- : 0:  daemons (1.1.9) from /Users/sean/.rvm/gems/ruby-1.9.3-p484/specifications/daemons-1.1.9.gemspec
I, [2014-04-15T23:54:54.676011 #47710]  INFO -- : 0:  eventmachine (1.0.0) from /Users/sean/.rvm/gems/ruby-1.9.3-p484/specifications/eventmachine-1.0.0.gemspec
I, [2014-04-15T23:54:54.676411 #47710]  INFO -- : 0:  font-awesome-rails (3.2.1.3) from /Users/sean/.rvm/gems/ruby-1.9.3-p484/specifications/font-awesome-rails-3.2.1.3.gemspec
I, [2014-04-15T23:54:54.676791 #47710]  INFO -- : 0:  jquery-rails (2.1.4) from /Users/sean/.rvm/gems/ruby-1.9.3-p484/specifications/jquery-rails-2.1.4.gemspec
I, [2014-04-15T23:54:54.677122 #47710]  INFO -- : 0:  mysql2 (0.3.11) from /Users/sean/.rvm/gems/ruby-1.9.3-p484/specifications/mysql2-0.3.11.gemspec
I, [2014-04-15T23:55:09.153521 #47710]  INFO -- : 0:  nokogiri (1.5.11) from /Users/sean/.rvm/gems/ruby-1.9.3-p484/specifications/nokogiri-1.5.11.gemspec
I, [2014-04-15T23:55:09.154158 #47710]  INFO -- : 0:  pg (0.14.1) from /Users/sean/.rvm/gems/ruby-1.9.3-p484/specifications/pg-0.14.1.gemspec
I, [2014-04-15T23:55:09.154563 #47710]  INFO -- : 0:  rails (3.2.11) from /Users/sean/.rvm/gems/ruby-1.9.3-p484/specifications/rails-3.2.11.gemspec
I, [2014-04-15T23:55:09.154954 #47710]  INFO -- : 0:  sass (3.2.5) from /Users/sean/.rvm/gems/ruby-1.9.3-p484/specifications/sass-3.2.5.gemspec
I, [2014-04-15T23:55:09.155320 #47710]  INFO -- : 0:  sass-rails (3.2.5) from /Users/sean/.rvm/gems/ruby-1.9.3-p484/specifications/sass-rails-3.2.5.gemspec
I, [2014-04-15T23:55:09.155668 #47710]  INFO -- : 0:  sqlite3 (1.3.6) from /Users/sean/.rvm/gems/ruby-1.9.3-p484/specifications/sqlite3-1.3.6.gemspec
I, [2014-04-15T23:55:09.156020 #47710]  INFO -- : 0:  thin (1.5.0) from /Users/sean/.rvm/gems/ruby-1.9.3-p484/specifications/thin-1.5.0.gemspec
I, [2014-04-15T23:55:09.156383 #47710]  INFO -- : 0:  uglifier (1.3.0) from /Users/sean/.rvm/gems/ruby-1.9.3-p484/specifications/uglifier-1.3.0.gemspec
I, [2014-04-16T00:21:39.295495 #48539]  INFO -- : 0:  rake (10.0.3) from /Users/sean/.rvm/gems/ruby-1.9.3-p484/specifications/rake-10.0.3.gemspec
I, [2014-04-16T00:21:39.344893 #48539]  INFO -- : 0:  i18n (0.6.1) from /Users/sean/.rvm/gems/ruby-1.9.3-p484/specifications/i18n-0.6.1.gemspec
I, [2014-04-16T00:21:39.345736 #48539]  INFO -- : 0:  multi_json (1.5.0) from /Users/sean/.rvm/gems/ruby-1.9.3-p484/specifications/multi_json-1.5.0.gemspec
I, [2014-04-16T00:21:39.346277 #48539]  INFO -- : 0:  activesupport (3.2.11) from /Users/sean/.rvm/gems/ruby-1.9.3-p484/specifications/activesupport-3.2.11.gemspec
I, [2014-04-16T00:21:39.346795 #48539]  INFO -- : 0:  builder (3.0.4) from /Users/sean/.rvm/gems/ruby-1.9.3-p484/specifications/builder-3.0.4.gemspec
I, [2014-04-16T00:21:39.347340 #48539]  INFO -- : 0:  activemodel (3.2.11) from /Users/sean/.rvm/gems/ruby-1.9.3-p484/specifications/activemodel-3.2.11.gemspec
I, [2014-04-16T00:21:39.347878 #48539]  INFO -- : 0:  erubis (2.7.0) from /Users/sean/.rvm/gems/ruby-1.9.3-p484/specifications/erubis-2.7.0.gemspec
I, [2014-04-16T00:21:39.348408 #48539]  INFO -- : 0:  journey (1.0.4) from /Users/sean/.rvm/gems/ruby-1.9.3-p484/specifications/journey-1.0.4.gemspec
I, [2014-04-16T00:21:39.348860 #48539]  INFO -- : 0:  rack (1.4.3) from /Users/sean/.rvm/gems/ruby-1.9.3-p484/specifications/rack-1.4.3.gemspec
I, [2014-04-16T00:21:39.349302 #48539]  INFO -- : 0:  rack-cache (1.2) from /Users/sean/.rvm/gems/ruby-1.9.3-p484/specifications/rack-cache-1.2.gemspec
I, [2014-04-16T00:21:39.349741 #48539]  INFO -- : 0:  rack-test (0.6.2) from /Users/sean/.rvm/gems/ruby-1.9.3-p484/specifications/rack-test-0.6.2.gemspec
I, [2014-04-16T00:21:39.350183 #48539]  INFO -- : 0:  hike (1.2.1) from /Users/sean/.rvm/gems/ruby-1.9.3-p484/specifications/hike-1.2.1.gemspec
I, [2014-04-16T00:21:39.350627 #48539]  INFO -- : 0:  tilt (1.3.3) from /Users/sean/.rvm/gems/ruby-1.9.3-p484/specifications/tilt-1.3.3.gemspec
I, [2014-04-16T00:21:39.351073 #48539]  INFO -- : 0:  sprockets (2.2.2) from /Users/sean/.rvm/gems/ruby-1.9.3-p484/specifications/sprockets-2.2.2.gemspec
I, [2014-04-16T00:21:39.351524 #48539]  INFO -- : 0:  actionpack (3.2.11) from /Users/sean/.rvm/gems/ruby-1.9.3-p484/specifications/actionpack-3.2.11.gemspec
I, [2014-04-16T00:21:39.351923 #48539]  INFO -- : 0:  mime-types (1.19) from /Users/sean/.rvm/gems/ruby-1.9.3-p484/specifications/mime-types-1.19.gemspec
I, [2014-04-16T00:21:39.352318 #48539]  INFO -- : 0:  polyglot (0.3.3) from /Users/sean/.rvm/gems/ruby-1.9.3-p484/specifications/polyglot-0.3.3.gemspec
I, [2014-04-16T00:21:39.352714 #48539]  INFO -- : 0:  treetop (1.4.12) from /Users/sean/.rvm/gems/ruby-1.9.3-p484/specifications/treetop-1.4.12.gemspec
I, [2014-04-16T00:21:39.353109 #48539]  INFO -- : 0:  mail (2.4.4) from /Users/sean/.rvm/gems/ruby-1.9.3-p484/specifications/mail-2.4.4.gemspec
I, [2014-04-16T00:21:39.353509 #48539]  INFO -- : 0:  actionmailer (3.2.11) from /Users/sean/.rvm/gems/ruby-1.9.3-p484/specifications/actionmailer-3.2.11.gemspec
I, [2014-04-16T00:21:39.353985 #48539]  INFO -- : 0:  arel (3.0.2) from /Users/sean/.rvm/gems/ruby-1.9.3-p484/specifications/arel-3.0.2.gemspec
I, [2014-04-16T00:21:39.354402 #48539]  INFO -- : 0:  tzinfo (0.3.35) from /Users/sean/.rvm/gems/ruby-1.9.3-p484/specifications/tzinfo-0.3.35.gemspec
I, [2014-04-16T00:21:39.354790 #48539]  INFO -- : 0:  activerecord (3.2.11) from /Users/sean/.rvm/gems/ruby-1.9.3-p484/specifications/activerecord-3.2.11.gemspec
I, [2014-04-16T00:21:39.355180 #48539]  INFO -- : 0:  activeresource (3.2.11) from /Users/sean/.rvm/gems/ruby-1.9.3-p484/specifications/activeresource-3.2.11.gemspec
I, [2014-04-16T00:21:39.355550 #48539]  INFO -- : 0:  bundler (1.5.1) from /Users/sean/.rvm/gems/ruby-1.9.3-p484@global/specifications/bundler-1.5.1.gemspec
I, [2014-04-16T00:21:39.355936 #48539]  INFO -- : 0:  coffee-script-source (1.4.0) from /Users/sean/.rvm/gems/ruby-1.9.3-p484/specifications/coffee-script-source-1.4.0.gemspec
I, [2014-04-16T00:21:39.356323 #48539]  INFO -- : 0:  execjs (1.4.0) from /Users/sean/.rvm/gems/ruby-1.9.3-p484/specifications/execjs-1.4.0.gemspec
I, [2014-04-16T00:21:39.356709 #48539]  INFO -- : 0:  coffee-script (2.2.0) from /Users/sean/.rvm/gems/ruby-1.9.3-p484/specifications/coffee-script-2.2.0.gemspec
I, [2014-04-16T00:21:39.357094 #48539]  INFO -- : 0:  rack-ssl (1.3.2) from /Users/sean/.rvm/gems/ruby-1.9.3-p484/specifications/rack-ssl-1.3.2.gemspec
I, [2014-04-16T00:21:39.357512 #48539]  INFO -- : 0:  json (1.7.6) from /Users/sean/.rvm/gems/ruby-1.9.3-p484/specifications/json-1.7.6.gemspec
I, [2014-04-16T00:21:39.357877 #48539]  INFO -- : 0:  rdoc (3.12) from /Users/sean/.rvm/gems/ruby-1.9.3-p484/specifications/rdoc-3.12.gemspec
I, [2014-04-16T00:21:39.358254 #48539]  INFO -- : 0:  thor (0.16.0) from /Users/sean/.rvm/gems/ruby-1.9.3-p484/specifications/thor-0.16.0.gemspec
I, [2014-04-16T00:21:39.358635 #48539]  INFO -- : 0:  railties (3.2.11) from /Users/sean/.rvm/gems/ruby-1.9.3-p484/specifications/railties-3.2.11.gemspec
I, [2014-04-16T00:21:39.359008 #48539]  INFO -- : 0:  coffee-rails (3.2.2) from /Users/sean/.rvm/gems/ruby-1.9.3-p484/specifications/coffee-rails-3.2.2.gemspec
I, [2014-04-16T00:21:39.359377 #48539]  INFO -- : 0:  daemons (1.1.9) from /Users/sean/.rvm/gems/ruby-1.9.3-p484/specifications/daemons-1.1.9.gemspec
I, [2014-04-16T00:21:39.359839 #48539]  INFO -- : 0:  eventmachine (1.0.0) from /Users/sean/.rvm/gems/ruby-1.9.3-p484/specifications/eventmachine-1.0.0.gemspec
I, [2014-04-16T00:21:39.360216 #48539]  INFO -- : 0:  font-awesome-rails (3.2.1.3) from /Users/sean/.rvm/gems/ruby-1.9.3-p484/specifications/font-awesome-rails-3.2.1.3.gemspec
I, [2014-04-16T00:21:39.360593 #48539]  INFO -- : 0:  jquery-rails (2.1.4) from /Users/sean/.rvm/gems/ruby-1.9.3-p484/specifications/jquery-rails-2.1.4.gemspec
I, [2014-04-16T00:21:39.360965 #48539]  INFO -- : 0:  mysql2 (0.3.11) from /Users/sean/.rvm/gems/ruby-1.9.3-p484/specifications/mysql2-0.3.11.gemspec
I, [2014-04-16T00:21:39.361339 #48539]  INFO -- : 0:  nokogiri (1.5.11) from /Users/sean/.rvm/gems/ruby-1.9.3-p484/specifications/nokogiri-1.5.11.gemspec
I, [2014-04-16T00:21:39.361704 #48539]  INFO -- : 0:  pg (0.14.1) from /Users/sean/.rvm/gems/ruby-1.9.3-p484/specifications/pg-0.14.1.gemspec
I, [2014-04-16T00:21:39.362090 #48539]  INFO -- : 0:  rails (3.2.11) from /Users/sean/.rvm/gems/ruby-1.9.3-p484/specifications/rails-3.2.11.gemspec
I, [2014-04-16T00:21:39.362451 #48539]  INFO -- : 0:  rchardet19 (1.3.5) from /Users/sean/.rvm/gems/ruby-1.9.3-p484/specifications/rchardet19-1.3.5.gemspec
I, [2014-04-16T00:21:39.362828 #48539]  INFO -- : 0:  sass (3.2.5) from /Users/sean/.rvm/gems/ruby-1.9.3-p484/specifications/sass-3.2.5.gemspec
I, [2014-04-16T00:21:39.363203 #48539]  INFO -- : 0:  sass-rails (3.2.5) from /Users/sean/.rvm/gems/ruby-1.9.3-p484/specifications/sass-rails-3.2.5.gemspec
I, [2014-04-16T00:21:39.363570 #48539]  INFO -- : 0:  sqlite3 (1.3.6) from /Users/sean/.rvm/gems/ruby-1.9.3-p484/specifications/sqlite3-1.3.6.gemspec
I, [2014-04-16T00:21:39.364105 #48539]  INFO -- : 0:  thin (1.5.0) from /Users/sean/.rvm/gems/ruby-1.9.3-p484/specifications/thin-1.5.0.gemspec
I, [2014-04-16T00:21:39.364491 #48539]  INFO -- : 0:  uglifier (1.3.0) from /Users/sean/.rvm/gems/ruby-1.9.3-p484/specifications/uglifier-1.3.0.gemspec
I, [2014-04-16T00:21:47.770094 #48547]  INFO -- : 0:  rake (10.0.3) from /Users/sean/.rvm/gems/ruby-1.9.3-p484/specifications/rake-10.0.3.gemspec
I, [2014-04-16T00:21:47.770571 #48547]  INFO -- : 0:  i18n (0.6.1) from /Users/sean/.rvm/gems/ruby-1.9.3-p484/specifications/i18n-0.6.1.gemspec
I, [2014-04-16T00:21:47.770908 #48547]  INFO -- : 0:  multi_json (1.5.0) from /Users/sean/.rvm/gems/ruby-1.9.3-p484/specifications/multi_json-1.5.0.gemspec
I, [2014-04-16T00:21:47.771241 #48547]  INFO -- : 0:  activesupport (3.2.11) from /Users/sean/.rvm/gems/ruby-1.9.3-p484/specifications/activesupport-3.2.11.gemspec
I, [2014-04-16T00:21:47.771573 #48547]  INFO -- : 0:  builder (3.0.4) from /Users/sean/.rvm/gems/ruby-1.9.3-p484/specifications/builder-3.0.4.gemspec
I, [2014-04-16T00:21:47.771905 #48547]  INFO -- : 0:  activemodel (3.2.11) from /Users/sean/.rvm/gems/ruby-1.9.3-p484/specifications/activemodel-3.2.11.gemspec
I, [2014-04-16T00:21:47.772250 #48547]  INFO -- : 0:  erubis (2.7.0) from /Users/sean/.rvm/gems/ruby-1.9.3-p484/specifications/erubis-2.7.0.gemspec
I, [2014-04-16T00:21:47.772567 #48547]  INFO -- : 0:  journey (1.0.4) from /Users/sean/.rvm/gems/ruby-1.9.3-p484/specifications/journey-1.0.4.gemspec
I, [2014-04-16T00:21:47.772897 #48547]  INFO -- : 0:  rack (1.4.3) from /Users/sean/.rvm/gems/ruby-1.9.3-p484/specifications/rack-1.4.3.gemspec
I, [2014-04-16T00:21:47.773214 #48547]  INFO -- : 0:  rack-cache (1.2) from /Users/sean/.rvm/gems/ruby-1.9.3-p484/specifications/rack-cache-1.2.gemspec
I, [2014-04-16T00:21:47.773534 #48547]  INFO -- : 0:  rack-test (0.6.2) from /Users/sean/.rvm/gems/ruby-1.9.3-p484/specifications/rack-test-0.6.2.gemspec
I, [2014-04-16T00:21:47.773860 #48547]  INFO -- : 0:  hike (1.2.1) from /Users/sean/.rvm/gems/ruby-1.9.3-p484/specifications/hike-1.2.1.gemspec
I, [2014-04-16T00:21:47.774177 #48547]  INFO -- : 0:  tilt (1.3.3) from /Users/sean/.rvm/gems/ruby-1.9.3-p484/specifications/tilt-1.3.3.gemspec
I, [2014-04-16T00:21:47.774491 #48547]  INFO -- : 0:  sprockets (2.2.2) from /Users/sean/.rvm/gems/ruby-1.9.3-p484/specifications/sprockets-2.2.2.gemspec
I, [2014-04-16T00:21:47.774812 #48547]  INFO -- : 0:  actionpack (3.2.11) from /Users/sean/.rvm/gems/ruby-1.9.3-p484/specifications/actionpack-3.2.11.gemspec
I, [2014-04-16T00:21:47.775126 #48547]  INFO -- : 0:  mime-types (1.19) from /Users/sean/.rvm/gems/ruby-1.9.3-p484/specifications/mime-types-1.19.gemspec
I, [2014-04-16T00:21:47.775438 #48547]  INFO -- : 0:  polyglot (0.3.3) from /Users/sean/.rvm/gems/ruby-1.9.3-p484/specifications/polyglot-0.3.3.gemspec
I, [2014-04-16T00:21:47.775763 #48547]  INFO -- : 0:  treetop (1.4.12) from /Users/sean/.rvm/gems/ruby-1.9.3-p484/specifications/treetop-1.4.12.gemspec
I, [2014-04-16T00:21:47.776152 #48547]  INFO -- : 0:  mail (2.4.4) from /Users/sean/.rvm/gems/ruby-1.9.3-p484/specifications/mail-2.4.4.gemspec
I, [2014-04-16T00:21:47.776486 #48547]  INFO -- : 0:  actionmailer (3.2.11) from /Users/sean/.rvm/gems/ruby-1.9.3-p484/specifications/actionmailer-3.2.11.gemspec
I, [2014-04-16T00:21:47.776806 #48547]  INFO -- : 0:  arel (3.0.2) from /Users/sean/.rvm/gems/ruby-1.9.3-p484/specifications/arel-3.0.2.gemspec
I, [2014-04-16T00:21:47.777133 #48547]  INFO -- : 0:  tzinfo (0.3.35) from /Users/sean/.rvm/gems/ruby-1.9.3-p484/specifications/tzinfo-0.3.35.gemspec
I, [2014-04-16T00:21:47.777455 #48547]  INFO -- : 0:  activerecord (3.2.11) from /Users/sean/.rvm/gems/ruby-1.9.3-p484/specifications/activerecord-3.2.11.gemspec
I, [2014-04-16T00:21:47.777770 #48547]  INFO -- : 0:  activeresource (3.2.11) from /Users/sean/.rvm/gems/ruby-1.9.3-p484/specifications/activeresource-3.2.11.gemspec
I, [2014-04-16T00:21:47.778083 #48547]  INFO -- : 0:  coffee-script-source (1.4.0) from /Users/sean/.rvm/gems/ruby-1.9.3-p484/specifications/coffee-script-source-1.4.0.gemspec
I, [2014-04-16T00:21:47.778392 #48547]  INFO -- : 0:  execjs (1.4.0) from /Users/sean/.rvm/gems/ruby-1.9.3-p484/specifications/execjs-1.4.0.gemspec
I, [2014-04-16T00:21:47.778709 #48547]  INFO -- : 0:  coffee-script (2.2.0) from /Users/sean/.rvm/gems/ruby-1.9.3-p484/specifications/coffee-script-2.2.0.gemspec
I, [2014-04-16T00:21:47.779043 #48547]  INFO -- : 0:  rack-ssl (1.3.2) from /Users/sean/.rvm/gems/ruby-1.9.3-p484/specifications/rack-ssl-1.3.2.gemspec
I, [2014-04-16T00:21:47.779356 #48547]  INFO -- : 0:  json (1.7.6) from /Users/sean/.rvm/gems/ruby-1.9.3-p484/specifications/json-1.7.6.gemspec
I, [2014-04-16T00:21:47.779668 #48547]  INFO -- : 0:  rdoc (3.12) from /Users/sean/.rvm/gems/ruby-1.9.3-p484/specifications/rdoc-3.12.gemspec
I, [2014-04-16T00:21:47.779975 #48547]  INFO -- : 0:  thor (0.16.0) from /Users/sean/.rvm/gems/ruby-1.9.3-p484/specifications/thor-0.16.0.gemspec
I, [2014-04-16T00:21:47.780287 #48547]  INFO -- : 0:  railties (3.2.11) from /Users/sean/.rvm/gems/ruby-1.9.3-p484/specifications/railties-3.2.11.gemspec
I, [2014-04-16T00:21:47.780597 #48547]  INFO -- : 0:  coffee-rails (3.2.2) from /Users/sean/.rvm/gems/ruby-1.9.3-p484/specifications/coffee-rails-3.2.2.gemspec
I, [2014-04-16T00:21:47.780900 #48547]  INFO -- : 0:  daemons (1.1.9) from /Users/sean/.rvm/gems/ruby-1.9.3-p484/specifications/daemons-1.1.9.gemspec
I, [2014-04-16T00:21:47.781210 #48547]  INFO -- : 0:  eventmachine (1.0.0) from /Users/sean/.rvm/gems/ruby-1.9.3-p484/specifications/eventmachine-1.0.0.gemspec
I, [2014-04-16T00:21:47.781516 #48547]  INFO -- : 0:  font-awesome-rails (3.2.1.3) from /Users/sean/.rvm/gems/ruby-1.9.3-p484/specifications/font-awesome-rails-3.2.1.3.gemspec
I, [2014-04-16T00:21:47.781826 #48547]  INFO -- : 0:  jquery-rails (2.1.4) from /Users/sean/.rvm/gems/ruby-1.9.3-p484/specifications/jquery-rails-2.1.4.gemspec
I, [2014-04-16T00:21:47.782134 #48547]  INFO -- : 0:  mysql2 (0.3.11) from /Users/sean/.rvm/gems/ruby-1.9.3-p484/specifications/mysql2-0.3.11.gemspec
I, [2014-04-16T00:21:47.782444 #48547]  INFO -- : 0:  nokogiri (1.5.11) from /Users/sean/.rvm/gems/ruby-1.9.3-p484/specifications/nokogiri-1.5.11.gemspec
I, [2014-04-16T00:21:47.782747 #48547]  INFO -- : 0:  pg (0.14.1) from /Users/sean/.rvm/gems/ruby-1.9.3-p484/specifications/pg-0.14.1.gemspec
I, [2014-04-16T00:21:47.783059 #48547]  INFO -- : 0:  bundler (1.5.1) from /Users/sean/.rvm/gems/ruby-1.9.3-p484@global/specifications/bundler-1.5.1.gemspec
I, [2014-04-16T00:21:47.783410 #48547]  INFO -- : 0:  rails (3.2.11) from /Users/sean/.rvm/gems/ruby-1.9.3-p484/specifications/rails-3.2.11.gemspec
I, [2014-04-16T00:21:47.783978 #48547]  INFO -- : 0:  rchardet19 (1.3.5) from /Users/sean/.rvm/gems/ruby-1.9.3-p484/specifications/rchardet19-1.3.5.gemspec
I, [2014-04-16T00:21:47.784572 #48547]  INFO -- : 0:  sass (3.2.5) from /Users/sean/.rvm/gems/ruby-1.9.3-p484/specifications/sass-3.2.5.gemspec
I, [2014-04-16T00:21:47.785149 #48547]  INFO -- : 0:  sass-rails (3.2.5) from /Users/sean/.rvm/gems/ruby-1.9.3-p484/specifications/sass-rails-3.2.5.gemspec
I, [2014-04-16T00:21:47.785740 #48547]  INFO -- : 0:  sqlite3 (1.3.6) from /Users/sean/.rvm/gems/ruby-1.9.3-p484/specifications/sqlite3-1.3.6.gemspec
I, [2014-04-16T00:21:47.786349 #48547]  INFO -- : 0:  thin (1.5.0) from /Users/sean/.rvm/gems/ruby-1.9.3-p484/specifications/thin-1.5.0.gemspec
I, [2014-04-16T00:21:47.787073 #48547]  INFO -- : 0:  uglifier (1.3.0) from /Users/sean/.rvm/gems/ruby-1.9.3-p484/specifications/uglifier-1.3.0.gemspec
